android/build/intermediates/manifest_merge_blame_file/debug/manifest-merger-blame-debug-report.txt
1<?xml version="1.0" encoding="utf-8"?>
2<manifest xmlns:android="http://schemas.android.com/apk/res/android"
3    xmlns:tools="http://schemas.android.com/tools"
4    package="com.ali.onepass"
5    android:versionCode="1"
6    android:versionName="1.0" >
7
8    <uses-sdk
9        android:minSdkVersion="19"
9-->src/main/AndroidManifest.xml
10        android:targetSdkVersion="29" />
10-->src/main/AndroidManifest.xml
11    <!-- <application android:networkSecurityConfig="@xml/network_security_config"> -->
12    <application>
12-->src/main/AndroidManifest.xml:5:5-48:19
13
14        <!-- 联通电信授权页 -->
15        <!-- 如果不需要使用窗口模式，不要使用authsdk_activity_dialog主题，会出现异常动画 -->
16        <!--
17            如果需要使用authsdk_activity_dialog主题，则screenOrientation一定不能指定明确的方向，
18               比如portrait、sensorPortrait，在8.0的系统上不允许窗口模式指定orientation，会发生crash，需要指定为behind，
19               然后在授权页的前一个页面指定具体的orientation
20        -->
21        <!-- <activity -->
22        <!-- android:name="com.mobile.auth.gatewayauth.LoginAuthActivity" -->
23        <!-- android:configChanges="orientation|keyboardHidden|screenSize" -->
24        <!-- android:exported="false" -->
25        <!-- android:launchMode="singleTop" -->
26        <!-- android:theme="@style/authsdk_activity_dialog" -->
27        <!-- /> -->
28
29        <activity
29-->src/main/AndroidManifest.xml:19:9-26:15
30            android:name="com.mobile.auth.gatewayauth.LoginAuthActivity"
30-->src/main/AndroidManifest.xml:23:13-73
31            android:configChanges="orientation|keyboardHidden|screenSize"
31-->src/main/AndroidManifest.xml:20:13-74
32            android:exported="false"
32-->src/main/AndroidManifest.xml:21:13-37
33            android:launchMode="singleTop"
33-->src/main/AndroidManifest.xml:22:13-43
34            android:screenOrientation="behind"
34-->src/main/AndroidManifest.xml:25:13-47
35            android:theme="@style/authsdk_activity_dialog" />
35-->src/main/AndroidManifest.xml:24:13-59
36
37        <!-- 协议页面webview -->
38        <activity
38-->src/main/AndroidManifest.xml:30:9-35:54
39            android:name="com.mobile.auth.gatewayauth.activity.AuthWebVeiwActivity"
39-->src/main/AndroidManifest.xml:31:17-88
40            android:configChanges="orientation|keyboardHidden|screenSize"
40-->src/main/AndroidManifest.xml:32:17-78
41            android:exported="false"
41-->src/main/AndroidManifest.xml:33:17-41
42            android:launchMode="singleTop"
42-->src/main/AndroidManifest.xml:34:17-47
43            android:screenOrientation="behind" />
43-->src/main/AndroidManifest.xml:35:17-51
44        <!-- 移动授权页 -->
45        <activity
45-->src/main/AndroidManifest.xml:37:9-42:19
46            android:name="com.cmic.sso.sdk.activity.LoginAuthActivity"
46-->src/main/AndroidManifest.xml:38:17-75
47            android:configChanges="orientation|keyboardHidden|screenSize"
47-->src/main/AndroidManifest.xml:39:17-78
48            android:exported="false"
48-->src/main/AndroidManifest.xml:40:17-41
49            android:launchMode="singleTop" />
49-->src/main/AndroidManifest.xml:41:13-43
50        <!-- <activity android:configChanges="orientation|keyboardHidden|screenSize|uiMode|fontScale" android:name="com.ali.onepass.RNAliOnepassModule" android:screenOrientation="sensorPortrait" -->
51        <!-- tools:ignore="Instantiatable" /> -->
52        <meta-data
52-->src/main/AndroidManifest.xml:45:9-47:35
53            android:name="android.max_aspect"
53-->src/main/AndroidManifest.xml:46:13-46
54            android:value="2.4" />
54-->src/main/AndroidManifest.xml:47:13-32
55    </application>
56
57</manifest>